<?xml version='1.0' encoding='UTF-8'?>
<testsuite hostname="Sarans-MacBook-Pro.local" name="actors.ClassifierSpec" tests="3" errors="0" failures="1" time="6.15">
                     <properties>
[...]
</properties>
                     <testcase classname="actors.ClassifierSpec" name="A classifier should return a list of classified tweets" time="1.056">
                                                 <failure message="assertion failed: block took 1.007 seconds, exceeding 1.000 seconds" type="sbt.ForkMain$ForkError">sbt.ForkMain$ForkError: assertion failed: block took 1.007 seconds, exceeding 1.000 seconds
	at scala.Predef$.assert(Predef.scala:165)
	at akka.testkit.TestKitBase$class.within(TestKit.scala:301)
	at akka.testkit.TestKit.within(TestKit.scala:718)
	at akka.testkit.TestKitBase$class.within(TestKit.scala:310)
	at akka.testkit.TestKit.within(TestKit.scala:718)
	at actors.ClassifierSpec$$anonfun$1$$anonfun$apply$mcV$sp$1.apply$mcV$sp(ClassifierSpec.scala:38)
	at actors.ClassifierSpec$$anonfun$1$$anonfun$apply$mcV$sp$1.apply(ClassifierSpec.scala:26)
	at actors.ClassifierSpec$$anonfun$1$$anonfun$apply$mcV$sp$1.apply(ClassifierSpec.scala:26)
	at org.scalatest.Transformer$$anonfun$apply$1.apply$mcV$sp(Transformer.scala:22)
	at org.scalatest.OutcomeOf$class.outcomeOf(OutcomeOf.scala:85)
	at org.scalatest.OutcomeOf$.outcomeOf(OutcomeOf.scala:104)
	at org.scalatest.Transformer.apply(Transformer.scala:22)
	at org.scalatest.Transformer.apply(Transformer.scala:20)
	at org.scalatest.WordSpecLike$$anon$1.apply(WordSpecLike.scala:953)
	at org.scalatest.Suite$class.withFixture(Suite.scala:1122)
	at actors.ClassifierSpec.withFixture(ClassifierSpec.scala:15)
	at org.scalatest.WordSpecLike$class.invokeWithFixture$1(WordSpecLike.scala:950)
	at org.scalatest.WordSpecLike$$anonfun$runTest$1.apply(WordSpecLike.scala:962)
	at org.scalatest.WordSpecLike$$anonfun$runTest$1.apply(WordSpecLike.scala:962)
	at org.scalatest.SuperEngine.runTestImpl(Engine.scala:306)
	at org.scalatest.WordSpecLike$class.runTest(WordSpecLike.scala:962)
	at actors.ClassifierSpec.org$scalatest$BeforeAndAfterEach$$super$runTest(ClassifierSpec.scala:15)
	at org.scalatest.BeforeAndAfterEach$class.runTest(BeforeAndAfterEach.scala:255)
	at actors.ClassifierSpec.runTest(ClassifierSpec.scala:15)
	at org.scalatest.WordSpecLike$$anonfun$runTests$1.apply(WordSpecLike.scala:1021)
	at org.scalatest.WordSpecLike$$anonfun$runTests$1.apply(WordSpecLike.scala:1021)
	at org.scalatest.SuperEngine$$anonfun$traverseSubNodes$1$1.apply(Engine.scala:413)
	at org.scalatest.SuperEngine$$anonfun$traverseSubNodes$1$1.apply(Engine.scala:401)
	at scala.collection.immutable.List.foreach(List.scala:381)
	at org.scalatest.SuperEngine.traverseSubNodes$1(Engine.scala:401)
	at org.scalatest.SuperEngine.org$scalatest$SuperEngine$$runTestsInBranch(Engine.scala:390)
	at org.scalatest.SuperEngine$$anonfun$traverseSubNodes$1$1.apply(Engine.scala:427)
	at org.scalatest.SuperEngine$$anonfun$traverseSubNodes$1$1.apply(Engine.scala:401)
	at scala.collection.immutable.List.foreach(List.scala:381)
	at org.scalatest.SuperEngine.traverseSubNodes$1(Engine.scala:401)
	at org.scalatest.SuperEngine.org$scalatest$SuperEngine$$runTestsInBranch(Engine.scala:396)
	at org.scalatest.SuperEngine.runTestsImpl(Engine.scala:483)
	at org.scalatest.WordSpecLike$class.runTests(WordSpecLike.scala:1021)
	at actors.ClassifierSpec.runTests(ClassifierSpec.scala:15)
	at org.scalatest.Suite$class.run(Suite.scala:1424)
	at actors.ClassifierSpec.org$scalatest$WordSpecLike$$super$run(ClassifierSpec.scala:15)
	at org.scalatest.WordSpecLike$$anonfun$run$1.apply(WordSpecLike.scala:1067)
	at org.scalatest.WordSpecLike$$anonfun$run$1.apply(WordSpecLike.scala:1067)
	at org.scalatest.SuperEngine.runImpl(Engine.scala:545)
	at org.scalatest.WordSpecLike$class.run(WordSpecLike.scala:1067)
	at actors.ClassifierSpec.run(ClassifierSpec.scala:15)
	at org.scalatest.tools.Framework.org$scalatest$tools$Framework$$runSuite(Framework.scala:466)
	at org.scalatest.tools.Framework$ScalaTestTask.execute(Framework.scala:677)
	at sbt.ForkMain$Run$2.call(ForkMain.java:294)
	at sbt.ForkMain$Run$2.call(ForkMain.java:284)
	at java.util.concurrent.FutureTask.run(FutureTask.java:266)
	at java.util.concurrent.ThreadPoolExecutor.runWorker(ThreadPoolExecutor.java:1142)
	at java.util.concurrent.ThreadPoolExecutor$Worker.run(ThreadPoolExecutor.java:617)
	at java.lang.Thread.run(Thread.java:745)
</failure>
                                               </testcase><testcase classname="actors.ClassifierSpec" name="A classifier should return a FetchResponseTimeout when timeout in twitter handler is exceeded" time="2.034">
                                                 
                                               </testcase><testcase classname="actors.ClassifierSpec" name="A classifier should return a TrainingModelRetrievalTimeout when timeout in training model response handler is exceeded" time="3.06">
                                                 
                                               </testcase>
                     <system-out></system-out>
                     <system-err></system-err>
                   </testsuite>